[0.036s] Invoking command in '/home/blue/ros2_ws/src/arm_controller/build/arm_controller': CMAKE_PREFIX_PATH=${CMAKE_PREFIX_PATH}:/opt/ros/humble /usr/bin/cmake /home/blue/ros2_ws/src/arm_controller -DAMENT_CMAKE_SYMLINK_INSTALL=1 -DCMAKE_INSTALL_PREFIX=/home/blue/ros2_ws/src/arm_controller/install/arm_controller
[0.249s] -- The C compiler identification is GNU 11.4.0
[0.397s] -- The CXX compiler identification is GNU 11.4.0
[0.421s] -- Detecting C compiler ABI info
[0.532s] -- Detecting C compiler ABI info - done
[0.542s] -- Check for working C compiler: /usr/bin/cc - skipped
[0.542s] -- Detecting C compile features
[0.544s] -- Detecting C compile features - done
[0.554s] -- Detecting CXX compiler ABI info
[0.695s] -- Detecting CXX compiler ABI info - done
[0.703s] -- Check for working CXX compiler: /usr/bin/c++ - skipped
[0.704s] -- Detecting CXX compile features
[0.704s] -- Detecting CXX compile features - done
[0.718s] -- Found ament_cmake: 1.3.11 (/opt/ros/humble/share/ament_cmake/cmake)
[0.934s] -- Found Python3: /usr/bin/python3 (found version "3.10.12") found components: Interpreter 
[1.032s] -- Override CMake install command with custom implementation using symlinks instead of copying resources
[1.107s] -- Found rclcpp: 16.0.11 (/opt/ros/humble/share/rclcpp/cmake)
[1.207s] -- Found rosidl_generator_c: 3.1.6 (/opt/ros/humble/share/rosidl_generator_c/cmake)
[1.219s] -- Found rosidl_adapter: 3.1.6 (/opt/ros/humble/share/rosidl_adapter/cmake)
[1.246s] -- Found rosidl_generator_cpp: 3.1.6 (/opt/ros/humble/share/rosidl_generator_cpp/cmake)
[1.276s] -- Using all available rosidl_typesupport_c: rosidl_typesupport_fastrtps_c;rosidl_typesupport_introspection_c
[1.307s] -- Using all available rosidl_typesupport_cpp: rosidl_typesupport_fastrtps_cpp;rosidl_typesupport_introspection_cpp
[1.394s] -- Found rmw_implementation_cmake: 6.1.2 (/opt/ros/humble/share/rmw_implementation_cmake/cmake)
[1.399s] -- Found rmw_fastrtps_cpp: 6.2.7 (/opt/ros/humble/share/rmw_fastrtps_cpp/cmake)
[1.554s] -- Found OpenSSL: /usr/lib/x86_64-linux-gnu/libcrypto.so (found version "3.0.2")  
[1.582s] -- Found FastRTPS: /opt/ros/humble/include  
[1.624s] -- Using RMW implementation 'rmw_fastrtps_cpp' as default
[1.645s] -- Looking for pthread.h
[1.749s] -- Looking for pthread.h - found
[1.749s] -- Performing Test CMAKE_HAVE_LIBC_PTHREAD
[1.882s] -- Performing Test CMAKE_HAVE_LIBC_PTHREAD - Success
[1.883s] -- Found Threads: TRUE  
[2.038s] -- Found ament_lint_auto: 0.12.11 (/opt/ros/humble/share/ament_lint_auto/cmake)
[2.202s] -- Added test 'cppcheck' to perform static code analysis on C / C++ code
[2.202s] -- Configured cppcheck include dirs: 
[2.202s] -- Configured cppcheck exclude dirs and/or files: 
[2.204s] -- Added test 'flake8' to check Python code syntax and style conventions
[2.206s] -- Added test 'lint_cmake' to check CMake code style
[2.209s] -- Added test 'pep257' to check Python code against some of the docstring style conventions in PEP 257
[2.221s] -- Added test 'uncrustify' to check C / C++ code style
[2.221s] -- Configured uncrustify additional arguments: 
[2.223s] -- Added test 'xmllint' to check XML markup files
[2.233s] -- Configuring done
[2.242s] -- Generating done
[2.244s] -- Build files have been written to: /home/blue/ros2_ws/src/arm_controller/build/arm_controller
[2.260s] Invoked command in '/home/blue/ros2_ws/src/arm_controller/build/arm_controller' returned '0': CMAKE_PREFIX_PATH=${CMAKE_PREFIX_PATH}:/opt/ros/humble /usr/bin/cmake /home/blue/ros2_ws/src/arm_controller -DAMENT_CMAKE_SYMLINK_INSTALL=1 -DCMAKE_INSTALL_PREFIX=/home/blue/ros2_ws/src/arm_controller/install/arm_controller
[2.261s] Invoking command in '/home/blue/ros2_ws/src/arm_controller/build/arm_controller': CMAKE_PREFIX_PATH=${CMAKE_PREFIX_PATH}:/opt/ros/humble /usr/bin/cmake --build /home/blue/ros2_ws/src/arm_controller/build/arm_controller -- -j8 -l8
[2.334s] Invoked command in '/home/blue/ros2_ws/src/arm_controller/build/arm_controller' returned '0': CMAKE_PREFIX_PATH=${CMAKE_PREFIX_PATH}:/opt/ros/humble /usr/bin/cmake --build /home/blue/ros2_ws/src/arm_controller/build/arm_controller -- -j8 -l8
[2.357s] Invoking command in '/home/blue/ros2_ws/src/arm_controller/build/arm_controller': CMAKE_PREFIX_PATH=${CMAKE_PREFIX_PATH}:/opt/ros/humble /usr/bin/cmake --install /home/blue/ros2_ws/src/arm_controller/build/arm_controller
[2.373s] -- Install configuration: ""
[2.374s] -- Execute custom install script
[2.374s] -- Symlinking: /home/blue/ros2_ws/src/arm_controller/install/arm_controller/share/ament_index/resource_index/package_run_dependencies/arm_controller
[2.391s] -- Symlinking: /home/blue/ros2_ws/src/arm_controller/install/arm_controller/share/ament_index/resource_index/parent_prefix_path/arm_controller
[2.405s] -- Symlinking: /home/blue/ros2_ws/src/arm_controller/install/arm_controller/share/arm_controller/environment/ament_prefix_path.sh
[2.429s] -- Symlinking: /home/blue/ros2_ws/src/arm_controller/install/arm_controller/share/arm_controller/environment/ament_prefix_path.dsv
[2.450s] -- Symlinking: /home/blue/ros2_ws/src/arm_controller/install/arm_controller/share/arm_controller/environment/path.sh
[2.472s] -- Symlinking: /home/blue/ros2_ws/src/arm_controller/install/arm_controller/share/arm_controller/environment/path.dsv
[2.493s] -- Symlinking: /home/blue/ros2_ws/src/arm_controller/install/arm_controller/share/arm_controller/local_setup.bash
[2.516s] -- Symlinking: /home/blue/ros2_ws/src/arm_controller/install/arm_controller/share/arm_controller/local_setup.sh
[2.535s] -- Symlinking: /home/blue/ros2_ws/src/arm_controller/install/arm_controller/share/arm_controller/local_setup.zsh
[2.552s] -- Symlinking: /home/blue/ros2_ws/src/arm_controller/install/arm_controller/share/arm_controller/local_setup.dsv
[2.573s] -- Symlinking: /home/blue/ros2_ws/src/arm_controller/install/arm_controller/share/arm_controller/package.dsv
[2.583s] -- Symlinking: /home/blue/ros2_ws/src/arm_controller/install/arm_controller/share/ament_index/resource_index/packages/arm_controller
[2.596s] -- Symlinking: /home/blue/ros2_ws/src/arm_controller/install/arm_controller/share/arm_controller/cmake/arm_controllerConfig.cmake
[2.616s] -- Symlinking: /home/blue/ros2_ws/src/arm_controller/install/arm_controller/share/arm_controller/cmake/arm_controllerConfig-version.cmake
[2.632s] -- Symlinking: /home/blue/ros2_ws/src/arm_controller/install/arm_controller/share/arm_controller/package.xml
[2.651s] Invoked command in '/home/blue/ros2_ws/src/arm_controller/build/arm_controller' returned '0': CMAKE_PREFIX_PATH=${CMAKE_PREFIX_PATH}:/opt/ros/humble /usr/bin/cmake --install /home/blue/ros2_ws/src/arm_controller/build/arm_controller
