[0.016s] Invoking command in '/home/blue/ros2_ws/src/arm_controller/build/arm_controller': CMAKE_PREFIX_PATH=${CMAKE_PREFIX_PATH}:/opt/ros/humble /usr/bin/cmake --build /home/blue/ros2_ws/src/arm_controller/build/arm_controller -- -j8 -l8
[0.102s] [ 66%] [32mBuilding CXX object CMakeFiles/arm_node.dir/src/main.cpp.o[0m
[0.103s] [ 66%] [32mBuilding CXX object CMakeFiles/arm_node.dir/src/arm_node.cpp.o[0m
[3.141s] [01m[K/home/blue/ros2_ws/src/arm_controller/src/arm_node.cpp:[m[K In member function ‘[01m[Kvoid ArmNode::move_arm_callback(std::shared_ptr<std_srvs::srv::Trigger_Request_<std::allocator<void> > >, std::shared_ptr<std_srvs::srv::Trigger_Response_<std::allocator<void> > >)[m[K’:
[3.141s] [01m[K/home/blue/ros2_ws/src/arm_controller/src/arm_node.cpp:29:58:[m[K [01;35m[Kwarning: [m[Kunused parameter ‘[01m[Krequest[m[K’ [[01;35m[K]8;;https://gcc.gnu.org/onlinedocs/gcc/Warning-Options.html#index-Wunused-parameter-Wunused-parameter]8;;[m[K]
[3.141s]    29 |   [01;35m[Kconst std::shared_ptr<std_srvs::srv::Trigger::Request> request[m[K,
[3.141s]       |   [01;35m[K~~~~~~~~~~~~~~~~~~~~~~~~~~~~~~~~~~~~~~~~~~~~~~~~~~~~~~~^~~~~~~[m[K
[6.141s] [100%] [32m[1mLinking CXX executable arm_node[0m
[6.439s] [100%] Built target arm_node
[6.454s] Invoked command in '/home/blue/ros2_ws/src/arm_controller/build/arm_controller' returned '0': CMAKE_PREFIX_PATH=${CMAKE_PREFIX_PATH}:/opt/ros/humble /usr/bin/cmake --build /home/blue/ros2_ws/src/arm_controller/build/arm_controller -- -j8 -l8
[6.467s] Invoking command in '/home/blue/ros2_ws/src/arm_controller/build/arm_controller': CMAKE_PREFIX_PATH=${CMAKE_PREFIX_PATH}:/opt/ros/humble /usr/bin/cmake --install /home/blue/ros2_ws/src/arm_controller/build/arm_controller
[6.477s] -- Install configuration: ""
[6.478s] -- Execute custom install script
[6.478s] -- Up-to-date symlink: /home/blue/ros2_ws/src/arm_controller/install/arm_controller/lib/arm_controller/arm_node
[6.480s] -- Up-to-date symlink: /home/blue/ros2_ws/src/arm_controller/install/arm_controller/share/arm_controller//launch/arm_launch.py
[6.480s] -- Up-to-date symlink: /home/blue/ros2_ws/src/arm_controller/install/arm_controller/share/arm_controller//config/arm_params.yaml
[6.481s] -- Up-to-date symlink: /home/blue/ros2_ws/src/arm_controller/install/arm_controller/share/ament_index/resource_index/package_run_dependencies/arm_controller
[6.481s] -- Up-to-date symlink: /home/blue/ros2_ws/src/arm_controller/install/arm_controller/share/ament_index/resource_index/parent_prefix_path/arm_controller
[6.482s] -- Up-to-date symlink: /home/blue/ros2_ws/src/arm_controller/install/arm_controller/share/arm_controller/environment/ament_prefix_path.sh
[6.482s] -- Up-to-date symlink: /home/blue/ros2_ws/src/arm_controller/install/arm_controller/share/arm_controller/environment/ament_prefix_path.dsv
[6.482s] -- Up-to-date symlink: /home/blue/ros2_ws/src/arm_controller/install/arm_controller/share/arm_controller/environment/path.sh
[6.482s] -- Up-to-date symlink: /home/blue/ros2_ws/src/arm_controller/install/arm_controller/share/arm_controller/environment/path.dsv
[6.482s] -- Up-to-date symlink: /home/blue/ros2_ws/src/arm_controller/install/arm_controller/share/arm_controller/local_setup.bash
[6.482s] -- Up-to-date symlink: /home/blue/ros2_ws/src/arm_controller/install/arm_controller/share/arm_controller/local_setup.sh
[6.482s] -- Up-to-date symlink: /home/blue/ros2_ws/src/arm_controller/install/arm_controller/share/arm_controller/local_setup.zsh
[6.482s] -- Up-to-date symlink: /home/blue/ros2_ws/src/arm_controller/install/arm_controller/share/arm_controller/local_setup.dsv
[6.482s] -- Symlinking: /home/blue/ros2_ws/src/arm_controller/install/arm_controller/share/arm_controller/package.dsv
[6.493s] -- Up-to-date symlink: /home/blue/ros2_ws/src/arm_controller/install/arm_controller/share/ament_index/resource_index/packages/arm_controller
[6.494s] -- Up-to-date symlink: /home/blue/ros2_ws/src/arm_controller/install/arm_controller/share/arm_controller/cmake/arm_controllerConfig.cmake
[6.494s] -- Up-to-date symlink: /home/blue/ros2_ws/src/arm_controller/install/arm_controller/share/arm_controller/cmake/arm_controllerConfig-version.cmake
[6.494s] -- Up-to-date symlink: /home/blue/ros2_ws/src/arm_controller/install/arm_controller/share/arm_controller/package.xml
[6.497s] Invoked command in '/home/blue/ros2_ws/src/arm_controller/build/arm_controller' returned '0': CMAKE_PREFIX_PATH=${CMAKE_PREFIX_PATH}:/opt/ros/humble /usr/bin/cmake --install /home/blue/ros2_ws/src/arm_controller/build/arm_controller
