[0.017s] Invoking command in '/home/blue/ros2_ws/src/arm_controller/build/arm_controller': CMAKE_PREFIX_PATH=/opt/ros/humble /usr/bin/cmake /home/blue/ros2_ws/src/arm_controller -DCMAKE_INSTALL_PREFIX=/home/blue/ros2_ws/src/arm_controller/install/arm_controller
[0.039s] -- Found ament_cmake: 1.3.11 (/opt/ros/humble/share/ament_cmake/cmake)
[0.182s] -- Override CMake install command with custom implementation using symlinks instead of copying resources
[0.193s] -- Found rclcpp: 16.0.11 (/opt/ros/humble/share/rclcpp/cmake)
[0.232s] -- Found rosidl_generator_c: 3.1.6 (/opt/ros/humble/share/rosidl_generator_c/cmake)
[0.237s] -- Found rosidl_adapter: 3.1.6 (/opt/ros/humble/share/rosidl_adapter/cmake)
[0.241s] -- Found rosidl_generator_cpp: 3.1.6 (/opt/ros/humble/share/rosidl_generator_cpp/cmake)
[0.253s] -- Using all available rosidl_typesupport_c: rosidl_typesupport_fastrtps_c;rosidl_typesupport_introspection_c
[0.266s] -- Using all available rosidl_typesupport_cpp: rosidl_typesupport_fastrtps_cpp;rosidl_typesupport_introspection_cpp
[0.302s] -- Found rmw_implementation_cmake: 6.1.2 (/opt/ros/humble/share/rmw_implementation_cmake/cmake)
[0.304s] -- Found rmw_fastrtps_cpp: 6.2.7 (/opt/ros/humble/share/rmw_fastrtps_cpp/cmake)
[0.419s] -- Using RMW implementation 'rmw_fastrtps_cpp' as default
[0.474s] -- Found sensor_msgs: 4.2.4 (/opt/ros/humble/share/sensor_msgs/cmake)
[0.507s] -- Found std_srvs: 4.2.4 (/opt/ros/humble/share/std_srvs/cmake)
[0.518s] [31mCMake Error at /opt/ros/humble/share/ament_cmake_target_dependencies/cmake/ament_target_dependencies.cmake:42 (message):
[0.518s]   ament_target_dependencies() the first argument must be a valid target name
[0.519s] Call Stack (most recent call first):
[0.519s]   CMakeLists.txt:26 (ament_target_dependencies)
[0.519s] 
[0.519s] [0m
[0.519s] -- Configuring incomplete, errors occurred!
[0.519s] See also "/home/blue/ros2_ws/src/arm_controller/build/arm_controller/CMakeFiles/CMakeOutput.log".
[0.528s] Invoked command in '/home/blue/ros2_ws/src/arm_controller/build/arm_controller' returned '1': CMAKE_PREFIX_PATH=/opt/ros/humble /usr/bin/cmake /home/blue/ros2_ws/src/arm_controller -DCMAKE_INSTALL_PREFIX=/home/blue/ros2_ws/src/arm_controller/install/arm_controller
