[0.138s] DEBUG:colcon:Command line arguments: ['/usr/bin/colcon', 'build', '--symlink-install']
[0.139s] DEBUG:colcon:Parsed command line arguments: Namespace(log_base=None, log_level=None, verb_name='build', build_base='build', install_base='install', merge_install=False, symlink_install=True, test_result_base=None, continue_on_error=False, executor='parallel', parallel_workers=8, event_handlers=None, ignore_user_meta=False, metas=['./colcon.meta'], base_paths=['.'], packages_ignore=None, packages_ignore_regex=None, paths=None, packages_up_to=None, packages_up_to_regex=None, packages_above=None, packages_above_and_dependencies=None, packages_above_depth=None, packages_select_by_dep=None, packages_skip_by_dep=None, packages_skip_up_to=None, packages_select_build_failed=False, packages_skip_build_finished=False, packages_select_test_failures=False, packages_skip_test_passed=False, packages_select=None, packages_skip=None, packages_select_regex=None, packages_skip_regex=None, packages_start=None, packages_end=None, allow_overriding=[], cmake_args=None, cmake_target=None, cmake_target_skip_unavailable=False, cmake_clean_cache=False, cmake_clean_first=False, cmake_force_configure=False, ament_cmake_args=None, catkin_cmake_args=None, catkin_skip_building_tests=False, mixin_files=None, mixin=None, verb_parser=<colcon_mixin.mixin.mixin_argument.MixinArgumentDecorator object at 0x767c5365d630>, verb_extension=<colcon_core.verb.build.BuildVerb object at 0x767c537dac80>, main=<bound method BuildVerb.main of <colcon_core.verb.build.BuildVerb object at 0x767c537dac80>>, mixin_verb=('build',))
[0.308s] Level 1:colcon.colcon_core.package_discovery:discover_packages(colcon_meta) check parameters
[0.308s] Level 1:colcon.colcon_core.package_discovery:discover_packages(recursive) check parameters
[0.308s] Level 1:colcon.colcon_core.package_discovery:discover_packages(ignore) check parameters
[0.308s] Level 1:colcon.colcon_core.package_discovery:discover_packages(path) check parameters
[0.308s] Level 1:colcon.colcon_core.package_discovery:discover_packages(colcon_meta) discover
[0.309s] Level 1:colcon.colcon_core.package_discovery:discover_packages(recursive) discover
[0.309s] INFO:colcon.colcon_core.package_discovery:Crawling recursively for packages in '/home/blue/ros2_ws/src/arm_controller'
[0.309s] Level 1:colcon.colcon_core.package_identification:_identify(.) by extensions ['ignore', 'ignore_ament_install']
[0.309s] Level 1:colcon.colcon_core.package_identification:_identify(.) by extension 'ignore'
[0.309s] Level 1:colcon.colcon_core.package_identification:_identify(.) by extension 'ignore_ament_install'
[0.309s] Level 1:colcon.colcon_core.package_identification:_identify(.) by extensions ['colcon_pkg']
[0.309s] Level 1:colcon.colcon_core.package_identification:_identify(.) by extension 'colcon_pkg'
[0.309s] Level 1:colcon.colcon_core.package_identification:_identify(.) by extensions ['colcon_meta']
[0.309s] Level 1:colcon.colcon_core.package_identification:_identify(.) by extension 'colcon_meta'
[0.309s] Level 1:colcon.colcon_core.package_identification:_identify(.) by extensions ['ros']
[0.309s] Level 1:colcon.colcon_core.package_identification:_identify(.) by extension 'ros'
[0.322s] DEBUG:colcon.colcon_core.package_identification:Package '.' with type 'ros.ament_cmake' and name 'arm_controller'
[0.322s] Level 1:colcon.colcon_core.package_discovery:discover_packages(recursive) using defaults
[0.322s] Level 1:colcon.colcon_core.package_discovery:discover_packages(ignore) discover
[0.322s] Level 1:colcon.colcon_core.package_discovery:discover_packages(ignore) using defaults
[0.322s] Level 1:colcon.colcon_core.package_discovery:discover_packages(path) discover
[0.322s] Level 1:colcon.colcon_core.package_discovery:discover_packages(path) using defaults
[0.348s] Level 1:colcon.colcon_core.package_discovery:discover_packages(prefix_path) check parameters
[0.348s] Level 1:colcon.colcon_core.package_discovery:discover_packages(prefix_path) discover
[0.350s] DEBUG:colcon.colcon_installed_package_information.package_discovery:Found 1 installed packages in /home/blue/ros2_ws/src/arm_controller/install
[0.350s] DEBUG:colcon.colcon_installed_package_information.package_discovery:Found 2 installed packages in /home/blue/ros2_ws/install
[0.352s] DEBUG:colcon.colcon_installed_package_information.package_discovery:Found 271 installed packages in /opt/ros/humble
[0.353s] Level 1:colcon.colcon_core.package_discovery:discover_packages(prefix_path) using defaults
[0.393s] Level 5:colcon.colcon_core.verb:set package 'arm_controller' build argument 'cmake_args' from command line to 'None'
[0.393s] Level 5:colcon.colcon_core.verb:set package 'arm_controller' build argument 'cmake_target' from command line to 'None'
[0.393s] Level 5:colcon.colcon_core.verb:set package 'arm_controller' build argument 'cmake_target_skip_unavailable' from command line to 'False'
[0.393s] Level 5:colcon.colcon_core.verb:set package 'arm_controller' build argument 'cmake_clean_cache' from command line to 'False'
[0.393s] Level 5:colcon.colcon_core.verb:set package 'arm_controller' build argument 'cmake_clean_first' from command line to 'False'
[0.393s] Level 5:colcon.colcon_core.verb:set package 'arm_controller' build argument 'cmake_force_configure' from command line to 'False'
[0.393s] Level 5:colcon.colcon_core.verb:set package 'arm_controller' build argument 'ament_cmake_args' from command line to 'None'
[0.393s] Level 5:colcon.colcon_core.verb:set package 'arm_controller' build argument 'catkin_cmake_args' from command line to 'None'
[0.393s] Level 5:colcon.colcon_core.verb:set package 'arm_controller' build argument 'catkin_skip_building_tests' from command line to 'False'
[0.393s] DEBUG:colcon.colcon_core.verb:Building package 'arm_controller' with the following arguments: {'ament_cmake_args': None, 'build_base': '/home/blue/ros2_ws/src/arm_controller/build/arm_controller', 'catkin_cmake_args': None, 'catkin_skip_building_tests': False, 'cmake_args': None, 'cmake_clean_cache': False, 'cmake_clean_first': False, 'cmake_force_configure': False, 'cmake_target': None, 'cmake_target_skip_unavailable': False, 'install_base': '/home/blue/ros2_ws/src/arm_controller/install/arm_controller', 'merge_install': False, 'path': '/home/blue/ros2_ws/src/arm_controller', 'symlink_install': True, 'test_result_base': None}
[0.394s] INFO:colcon.colcon_core.executor:Executing jobs using 'parallel' executor
[0.395s] DEBUG:colcon.colcon_parallel_executor.executor.parallel:run_until_complete
[0.395s] INFO:colcon.colcon_ros.task.ament_cmake.build:Building ROS package in '/home/blue/ros2_ws/src/arm_controller' with build type 'ament_cmake'
[0.395s] INFO:colcon.colcon_cmake.task.cmake.build:Building CMake package in '/home/blue/ros2_ws/src/arm_controller'
[0.397s] INFO:colcon.colcon_core.plugin_system:Skipping extension 'colcon_core.shell.bat': Not used on non-Windows systems
[0.398s] INFO:colcon.colcon_core.shell:Skip shell extension 'powershell' for command environment: Not usable outside of PowerShell
[0.398s] DEBUG:colcon.colcon_core.shell:Skip shell extension 'dsv' for command environment
[0.414s] DEBUG:colcon.colcon_core.event_handler.log_command:Invoking command in '/home/blue/ros2_ws/src/arm_controller/build/arm_controller': CMAKE_PREFIX_PATH=${CMAKE_PREFIX_PATH}:/opt/ros/humble /usr/bin/cmake --build /home/blue/ros2_ws/src/arm_controller/build/arm_controller -- -j8 -l8
[6.850s] DEBUG:colcon.colcon_core.event_handler.log_command:Invoked command in '/home/blue/ros2_ws/src/arm_controller/build/arm_controller' returned '0': CMAKE_PREFIX_PATH=${CMAKE_PREFIX_PATH}:/opt/ros/humble /usr/bin/cmake --build /home/blue/ros2_ws/src/arm_controller/build/arm_controller -- -j8 -l8
[6.863s] DEBUG:colcon.colcon_core.event_handler.log_command:Invoking command in '/home/blue/ros2_ws/src/arm_controller/build/arm_controller': CMAKE_PREFIX_PATH=${CMAKE_PREFIX_PATH}:/opt/ros/humble /usr/bin/cmake --install /home/blue/ros2_ws/src/arm_controller/build/arm_controller
[6.892s] Level 1:colcon.colcon_core.environment:create_environment_scripts_only(arm_controller)
[6.892s] DEBUG:colcon.colcon_core.event_handler.log_command:Invoked command in '/home/blue/ros2_ws/src/arm_controller/build/arm_controller' returned '0': CMAKE_PREFIX_PATH=${CMAKE_PREFIX_PATH}:/opt/ros/humble /usr/bin/cmake --install /home/blue/ros2_ws/src/arm_controller/build/arm_controller
[6.895s] Level 1:colcon.colcon_core.environment:checking '/home/blue/ros2_ws/src/arm_controller/install/arm_controller' for CMake module files
[6.895s] Level 1:colcon.colcon_core.environment:checking '/home/blue/ros2_ws/src/arm_controller/install/arm_controller' for CMake config files
[6.897s] Level 1:colcon.colcon_core.shell:create_environment_hook('arm_controller', 'cmake_prefix_path')
[6.897s] INFO:colcon.colcon_core.shell:Creating environment hook '/home/blue/ros2_ws/src/arm_controller/install/arm_controller/share/arm_controller/hook/cmake_prefix_path.ps1'
[6.898s] INFO:colcon.colcon_core.shell:Creating environment descriptor '/home/blue/ros2_ws/src/arm_controller/install/arm_controller/share/arm_controller/hook/cmake_prefix_path.dsv'
[6.899s] INFO:colcon.colcon_core.shell:Creating environment hook '/home/blue/ros2_ws/src/arm_controller/install/arm_controller/share/arm_controller/hook/cmake_prefix_path.sh'
[6.900s] Level 1:colcon.colcon_core.environment:checking '/home/blue/ros2_ws/src/arm_controller/install/arm_controller/lib'
[6.900s] Level 1:colcon.colcon_core.environment:checking '/home/blue/ros2_ws/src/arm_controller/install/arm_controller/bin'
[6.900s] Level 1:colcon.colcon_core.environment:checking '/home/blue/ros2_ws/src/arm_controller/install/arm_controller/lib/pkgconfig/arm_controller.pc'
[6.900s] Level 1:colcon.colcon_core.environment:checking '/home/blue/ros2_ws/src/arm_controller/install/arm_controller/lib/python3.10/site-packages'
[6.901s] Level 1:colcon.colcon_core.environment:checking '/home/blue/ros2_ws/src/arm_controller/install/arm_controller/bin'
[6.901s] INFO:colcon.colcon_core.shell:Creating package script '/home/blue/ros2_ws/src/arm_controller/install/arm_controller/share/arm_controller/package.ps1'
[6.902s] INFO:colcon.colcon_core.shell:Creating package descriptor '/home/blue/ros2_ws/src/arm_controller/install/arm_controller/share/arm_controller/package.dsv'
[6.903s] INFO:colcon.colcon_core.shell:Creating package script '/home/blue/ros2_ws/src/arm_controller/install/arm_controller/share/arm_controller/package.sh'
[6.904s] INFO:colcon.colcon_core.shell:Creating package script '/home/blue/ros2_ws/src/arm_controller/install/arm_controller/share/arm_controller/package.bash'
[6.905s] INFO:colcon.colcon_core.shell:Creating package script '/home/blue/ros2_ws/src/arm_controller/install/arm_controller/share/arm_controller/package.zsh'
[6.905s] Level 1:colcon.colcon_core.environment:create_file_with_runtime_dependencies(/home/blue/ros2_ws/src/arm_controller/install/arm_controller/share/colcon-core/packages/arm_controller)
[6.906s] Level 1:colcon.colcon_core.environment:create_environment_scripts_only(arm_controller)
[6.906s] Level 1:colcon.colcon_core.environment:checking '/home/blue/ros2_ws/src/arm_controller/install/arm_controller' for CMake module files
[6.907s] Level 1:colcon.colcon_core.environment:checking '/home/blue/ros2_ws/src/arm_controller/install/arm_controller' for CMake config files
[6.907s] Level 1:colcon.colcon_core.shell:create_environment_hook('arm_controller', 'cmake_prefix_path')
[6.908s] INFO:colcon.colcon_core.shell:Creating environment hook '/home/blue/ros2_ws/src/arm_controller/install/arm_controller/share/arm_controller/hook/cmake_prefix_path.ps1'
[6.908s] INFO:colcon.colcon_core.shell:Creating environment descriptor '/home/blue/ros2_ws/src/arm_controller/install/arm_controller/share/arm_controller/hook/cmake_prefix_path.dsv'
[6.909s] INFO:colcon.colcon_core.shell:Creating environment hook '/home/blue/ros2_ws/src/arm_controller/install/arm_controller/share/arm_controller/hook/cmake_prefix_path.sh'
[6.909s] Level 1:colcon.colcon_core.environment:checking '/home/blue/ros2_ws/src/arm_controller/install/arm_controller/lib'
[6.910s] Level 1:colcon.colcon_core.environment:checking '/home/blue/ros2_ws/src/arm_controller/install/arm_controller/bin'
[6.910s] Level 1:colcon.colcon_core.environment:checking '/home/blue/ros2_ws/src/arm_controller/install/arm_controller/lib/pkgconfig/arm_controller.pc'
[6.910s] Level 1:colcon.colcon_core.environment:checking '/home/blue/ros2_ws/src/arm_controller/install/arm_controller/lib/python3.10/site-packages'
[6.910s] Level 1:colcon.colcon_core.environment:checking '/home/blue/ros2_ws/src/arm_controller/install/arm_controller/bin'
[6.910s] INFO:colcon.colcon_core.shell:Creating package script '/home/blue/ros2_ws/src/arm_controller/install/arm_controller/share/arm_controller/package.ps1'
[6.911s] INFO:colcon.colcon_core.shell:Creating package descriptor '/home/blue/ros2_ws/src/arm_controller/install/arm_controller/share/arm_controller/package.dsv'
[6.912s] INFO:colcon.colcon_core.shell:Creating package script '/home/blue/ros2_ws/src/arm_controller/install/arm_controller/share/arm_controller/package.sh'
[6.912s] INFO:colcon.colcon_core.shell:Creating package script '/home/blue/ros2_ws/src/arm_controller/install/arm_controller/share/arm_controller/package.bash'
[6.913s] INFO:colcon.colcon_core.shell:Creating package script '/home/blue/ros2_ws/src/arm_controller/install/arm_controller/share/arm_controller/package.zsh'
[6.913s] Level 1:colcon.colcon_core.environment:create_file_with_runtime_dependencies(/home/blue/ros2_ws/src/arm_controller/install/arm_controller/share/colcon-core/packages/arm_controller)
[6.914s] DEBUG:colcon.colcon_parallel_executor.executor.parallel:closing loop
[6.914s] DEBUG:colcon.colcon_parallel_executor.executor.parallel:loop closed
[6.915s] DEBUG:colcon.colcon_parallel_executor.executor.parallel:run_until_complete finished with '0'
[6.915s] DEBUG:colcon.colcon_core.event_reactor:joining thread
[6.920s] INFO:colcon.colcon_core.plugin_system:Skipping extension 'colcon_notification.desktop_notification.terminal_notifier': Not used on non-Darwin systems
[6.920s] INFO:colcon.colcon_core.plugin_system:Skipping extension 'colcon_notification.desktop_notification.win32': Not used on non-Windows systems
[6.921s] INFO:colcon.colcon_notification.desktop_notification:Sending desktop notification using 'notify2'
[6.941s] DEBUG:colcon.colcon_core.event_reactor:joined thread
[6.942s] INFO:colcon.colcon_core.shell:Creating prefix script '/home/blue/ros2_ws/src/arm_controller/install/local_setup.ps1'
[6.943s] INFO:colcon.colcon_core.shell:Creating prefix util module '/home/blue/ros2_ws/src/arm_controller/install/_local_setup_util_ps1.py'
[6.945s] INFO:colcon.colcon_core.shell:Creating prefix chain script '/home/blue/ros2_ws/src/arm_controller/install/setup.ps1'
[6.947s] INFO:colcon.colcon_core.shell:Creating prefix script '/home/blue/ros2_ws/src/arm_controller/install/local_setup.sh'
[6.948s] INFO:colcon.colcon_core.shell:Creating prefix util module '/home/blue/ros2_ws/src/arm_controller/install/_local_setup_util_sh.py'
[6.951s] INFO:colcon.colcon_core.shell:Creating prefix chain script '/home/blue/ros2_ws/src/arm_controller/install/setup.sh'
[6.953s] INFO:colcon.colcon_core.shell:Creating prefix script '/home/blue/ros2_ws/src/arm_controller/install/local_setup.bash'
[6.954s] INFO:colcon.colcon_core.shell:Creating prefix chain script '/home/blue/ros2_ws/src/arm_controller/install/setup.bash'
[6.956s] INFO:colcon.colcon_core.shell:Creating prefix script '/home/blue/ros2_ws/src/arm_controller/install/local_setup.zsh'
[6.957s] INFO:colcon.colcon_core.shell:Creating prefix chain script '/home/blue/ros2_ws/src/arm_controller/install/setup.zsh'
