[0.159s] DEBUG:colcon:Command line arguments: ['/usr/bin/colcon', 'build', '--symlink-install']
[0.159s] DEBUG:colcon:Parsed command line arguments: Namespace(log_base=None, log_level=None, verb_name='build', build_base='build', install_base='install', merge_install=False, symlink_install=True, test_result_base=None, continue_on_error=False, executor='parallel', parallel_workers=8, event_handlers=None, ignore_user_meta=False, metas=['./colcon.meta'], base_paths=['.'], packages_ignore=None, packages_ignore_regex=None, paths=None, packages_up_to=None, packages_up_to_regex=None, packages_above=None, packages_above_and_dependencies=None, packages_above_depth=None, packages_select_by_dep=None, packages_skip_by_dep=None, packages_skip_up_to=None, packages_select_build_failed=False, packages_skip_build_finished=False, packages_select_test_failures=False, packages_skip_test_passed=False, packages_select=None, packages_skip=None, packages_select_regex=None, packages_skip_regex=None, packages_start=None, packages_end=None, allow_overriding=[], cmake_args=None, cmake_target=None, cmake_target_skip_unavailable=False, cmake_clean_cache=False, cmake_clean_first=False, cmake_force_configure=False, ament_cmake_args=None, catkin_cmake_args=None, catkin_skip_building_tests=False, mixin_files=None, mixin=None, verb_parser=<colcon_mixin.mixin.mixin_argument.MixinArgumentDecorator object at 0x7e7405f5d630>, verb_extension=<colcon_core.verb.build.BuildVerb object at 0x7e74060dac80>, main=<bound method BuildVerb.main of <colcon_core.verb.build.BuildVerb object at 0x7e74060dac80>>, mixin_verb=('build',))
[0.337s] Level 1:colcon.colcon_core.package_discovery:discover_packages(colcon_meta) check parameters
[0.338s] Level 1:colcon.colcon_core.package_discovery:discover_packages(recursive) check parameters
[0.338s] Level 1:colcon.colcon_core.package_discovery:discover_packages(ignore) check parameters
[0.338s] Level 1:colcon.colcon_core.package_discovery:discover_packages(path) check parameters
[0.338s] Level 1:colcon.colcon_core.package_discovery:discover_packages(colcon_meta) discover
[0.338s] Level 1:colcon.colcon_core.package_discovery:discover_packages(recursive) discover
[0.338s] INFO:colcon.colcon_core.package_discovery:Crawling recursively for packages in '/home/blue/ros2_ws/src/arm_controller'
[0.338s] Level 1:colcon.colcon_core.package_identification:_identify(.) by extensions ['ignore', 'ignore_ament_install']
[0.338s] Level 1:colcon.colcon_core.package_identification:_identify(.) by extension 'ignore'
[0.338s] Level 1:colcon.colcon_core.package_identification:_identify(.) by extension 'ignore_ament_install'
[0.338s] Level 1:colcon.colcon_core.package_identification:_identify(.) by extensions ['colcon_pkg']
[0.338s] Level 1:colcon.colcon_core.package_identification:_identify(.) by extension 'colcon_pkg'
[0.338s] Level 1:colcon.colcon_core.package_identification:_identify(.) by extensions ['colcon_meta']
[0.338s] Level 1:colcon.colcon_core.package_identification:_identify(.) by extension 'colcon_meta'
[0.338s] Level 1:colcon.colcon_core.package_identification:_identify(.) by extensions ['ros']
[0.338s] Level 1:colcon.colcon_core.package_identification:_identify(.) by extension 'ros'
[0.352s] DEBUG:colcon.colcon_core.package_identification:Package '.' with type 'ros.ament_cmake' and name 'arm_controller'
[0.352s] Level 1:colcon.colcon_core.package_discovery:discover_packages(recursive) using defaults
[0.352s] Level 1:colcon.colcon_core.package_discovery:discover_packages(ignore) discover
[0.352s] Level 1:colcon.colcon_core.package_discovery:discover_packages(ignore) using defaults
[0.352s] Level 1:colcon.colcon_core.package_discovery:discover_packages(path) discover
[0.352s] Level 1:colcon.colcon_core.package_discovery:discover_packages(path) using defaults
[0.383s] Level 1:colcon.colcon_core.package_discovery:discover_packages(prefix_path) check parameters
[0.383s] Level 1:colcon.colcon_core.package_discovery:discover_packages(prefix_path) discover
[0.385s] DEBUG:colcon.colcon_installed_package_information.package_discovery:Found 1 installed packages in /home/blue/ros2_ws/src/arm_controller/install
[0.386s] DEBUG:colcon.colcon_installed_package_information.package_discovery:Found 2 installed packages in /home/blue/ros2_ws/install
[0.387s] DEBUG:colcon.colcon_installed_package_information.package_discovery:Found 271 installed packages in /opt/ros/humble
[0.388s] Level 1:colcon.colcon_core.package_discovery:discover_packages(prefix_path) using defaults
[0.428s] Level 5:colcon.colcon_core.verb:set package 'arm_controller' build argument 'cmake_args' from command line to 'None'
[0.428s] Level 5:colcon.colcon_core.verb:set package 'arm_controller' build argument 'cmake_target' from command line to 'None'
[0.428s] Level 5:colcon.colcon_core.verb:set package 'arm_controller' build argument 'cmake_target_skip_unavailable' from command line to 'False'
[0.428s] Level 5:colcon.colcon_core.verb:set package 'arm_controller' build argument 'cmake_clean_cache' from command line to 'False'
[0.428s] Level 5:colcon.colcon_core.verb:set package 'arm_controller' build argument 'cmake_clean_first' from command line to 'False'
[0.428s] Level 5:colcon.colcon_core.verb:set package 'arm_controller' build argument 'cmake_force_configure' from command line to 'False'
[0.428s] Level 5:colcon.colcon_core.verb:set package 'arm_controller' build argument 'ament_cmake_args' from command line to 'None'
[0.428s] Level 5:colcon.colcon_core.verb:set package 'arm_controller' build argument 'catkin_cmake_args' from command line to 'None'
[0.428s] Level 5:colcon.colcon_core.verb:set package 'arm_controller' build argument 'catkin_skip_building_tests' from command line to 'False'
[0.428s] DEBUG:colcon.colcon_core.verb:Building package 'arm_controller' with the following arguments: {'ament_cmake_args': None, 'build_base': '/home/blue/ros2_ws/src/arm_controller/build/arm_controller', 'catkin_cmake_args': None, 'catkin_skip_building_tests': False, 'cmake_args': None, 'cmake_clean_cache': False, 'cmake_clean_first': False, 'cmake_force_configure': False, 'cmake_target': None, 'cmake_target_skip_unavailable': False, 'install_base': '/home/blue/ros2_ws/src/arm_controller/install/arm_controller', 'merge_install': False, 'path': '/home/blue/ros2_ws/src/arm_controller', 'symlink_install': True, 'test_result_base': None}
[0.428s] INFO:colcon.colcon_core.executor:Executing jobs using 'parallel' executor
[0.429s] DEBUG:colcon.colcon_parallel_executor.executor.parallel:run_until_complete
[0.430s] INFO:colcon.colcon_ros.task.ament_cmake.build:Building ROS package in '/home/blue/ros2_ws/src/arm_controller' with build type 'ament_cmake'
[0.430s] INFO:colcon.colcon_cmake.task.cmake.build:Building CMake package in '/home/blue/ros2_ws/src/arm_controller'
[0.436s] INFO:colcon.colcon_core.plugin_system:Skipping extension 'colcon_core.shell.bat': Not used on non-Windows systems
[0.436s] INFO:colcon.colcon_core.shell:Skip shell extension 'powershell' for command environment: Not usable outside of PowerShell
[0.436s] DEBUG:colcon.colcon_core.shell:Skip shell extension 'dsv' for command environment
[0.452s] DEBUG:colcon.colcon_core.event_handler.log_command:Invoking command in '/home/blue/ros2_ws/src/arm_controller/build/arm_controller': CMAKE_PREFIX_PATH=${CMAKE_PREFIX_PATH}:/opt/ros/humble /usr/bin/cmake --build /home/blue/ros2_ws/src/arm_controller/build/arm_controller -- -j8 -l8
[4.783s] DEBUG:colcon.colcon_core.event_handler.log_command:Invoked command in '/home/blue/ros2_ws/src/arm_controller/build/arm_controller' returned '0': CMAKE_PREFIX_PATH=${CMAKE_PREFIX_PATH}:/opt/ros/humble /usr/bin/cmake --build /home/blue/ros2_ws/src/arm_controller/build/arm_controller -- -j8 -l8
[4.805s] DEBUG:colcon.colcon_core.event_handler.log_command:Invoking command in '/home/blue/ros2_ws/src/arm_controller/build/arm_controller': CMAKE_PREFIX_PATH=${CMAKE_PREFIX_PATH}:/opt/ros/humble /usr/bin/cmake --install /home/blue/ros2_ws/src/arm_controller/build/arm_controller
[4.871s] Level 1:colcon.colcon_core.environment:create_environment_scripts_only(arm_controller)
[4.873s] DEBUG:colcon.colcon_core.event_handler.log_command:Invoked command in '/home/blue/ros2_ws/src/arm_controller/build/arm_controller' returned '0': CMAKE_PREFIX_PATH=${CMAKE_PREFIX_PATH}:/opt/ros/humble /usr/bin/cmake --install /home/blue/ros2_ws/src/arm_controller/build/arm_controller
[4.876s] Level 1:colcon.colcon_core.environment:checking '/home/blue/ros2_ws/src/arm_controller/install/arm_controller' for CMake module files
[4.877s] Level 1:colcon.colcon_core.environment:checking '/home/blue/ros2_ws/src/arm_controller/install/arm_controller' for CMake config files
[4.877s] Level 1:colcon.colcon_core.shell:create_environment_hook('arm_controller', 'cmake_prefix_path')
[4.878s] INFO:colcon.colcon_core.shell:Creating environment hook '/home/blue/ros2_ws/src/arm_controller/install/arm_controller/share/arm_controller/hook/cmake_prefix_path.ps1'
[4.879s] INFO:colcon.colcon_core.shell:Creating environment descriptor '/home/blue/ros2_ws/src/arm_controller/install/arm_controller/share/arm_controller/hook/cmake_prefix_path.dsv'
[4.880s] INFO:colcon.colcon_core.shell:Creating environment hook '/home/blue/ros2_ws/src/arm_controller/install/arm_controller/share/arm_controller/hook/cmake_prefix_path.sh'
[4.881s] Level 1:colcon.colcon_core.environment:checking '/home/blue/ros2_ws/src/arm_controller/install/arm_controller/lib'
[4.881s] Level 1:colcon.colcon_core.environment:checking '/home/blue/ros2_ws/src/arm_controller/install/arm_controller/bin'
[4.881s] Level 1:colcon.colcon_core.environment:checking '/home/blue/ros2_ws/src/arm_controller/install/arm_controller/lib/pkgconfig/arm_controller.pc'
[4.881s] Level 1:colcon.colcon_core.environment:checking '/home/blue/ros2_ws/src/arm_controller/install/arm_controller/lib/python3.10/site-packages'
[4.881s] Level 1:colcon.colcon_core.environment:checking '/home/blue/ros2_ws/src/arm_controller/install/arm_controller/bin'
[4.882s] INFO:colcon.colcon_core.shell:Creating package script '/home/blue/ros2_ws/src/arm_controller/install/arm_controller/share/arm_controller/package.ps1'
[4.882s] INFO:colcon.colcon_core.shell:Creating package descriptor '/home/blue/ros2_ws/src/arm_controller/install/arm_controller/share/arm_controller/package.dsv'
[4.883s] INFO:colcon.colcon_core.shell:Creating package script '/home/blue/ros2_ws/src/arm_controller/install/arm_controller/share/arm_controller/package.sh'
[4.884s] INFO:colcon.colcon_core.shell:Creating package script '/home/blue/ros2_ws/src/arm_controller/install/arm_controller/share/arm_controller/package.bash'
[4.885s] INFO:colcon.colcon_core.shell:Creating package script '/home/blue/ros2_ws/src/arm_controller/install/arm_controller/share/arm_controller/package.zsh'
[4.885s] Level 1:colcon.colcon_core.environment:create_file_with_runtime_dependencies(/home/blue/ros2_ws/src/arm_controller/install/arm_controller/share/colcon-core/packages/arm_controller)
[4.887s] Level 1:colcon.colcon_core.environment:create_environment_scripts_only(arm_controller)
[4.887s] Level 1:colcon.colcon_core.environment:checking '/home/blue/ros2_ws/src/arm_controller/install/arm_controller' for CMake module files
[4.889s] Level 1:colcon.colcon_core.environment:checking '/home/blue/ros2_ws/src/arm_controller/install/arm_controller' for CMake config files
[4.889s] Level 1:colcon.colcon_core.shell:create_environment_hook('arm_controller', 'cmake_prefix_path')
[4.890s] INFO:colcon.colcon_core.shell:Creating environment hook '/home/blue/ros2_ws/src/arm_controller/install/arm_controller/share/arm_controller/hook/cmake_prefix_path.ps1'
[4.891s] INFO:colcon.colcon_core.shell:Creating environment descriptor '/home/blue/ros2_ws/src/arm_controller/install/arm_controller/share/arm_controller/hook/cmake_prefix_path.dsv'
[4.891s] INFO:colcon.colcon_core.shell:Creating environment hook '/home/blue/ros2_ws/src/arm_controller/install/arm_controller/share/arm_controller/hook/cmake_prefix_path.sh'
[4.892s] Level 1:colcon.colcon_core.environment:checking '/home/blue/ros2_ws/src/arm_controller/install/arm_controller/lib'
[4.892s] Level 1:colcon.colcon_core.environment:checking '/home/blue/ros2_ws/src/arm_controller/install/arm_controller/bin'
[4.892s] Level 1:colcon.colcon_core.environment:checking '/home/blue/ros2_ws/src/arm_controller/install/arm_controller/lib/pkgconfig/arm_controller.pc'
[4.893s] Level 1:colcon.colcon_core.environment:checking '/home/blue/ros2_ws/src/arm_controller/install/arm_controller/lib/python3.10/site-packages'
[4.893s] Level 1:colcon.colcon_core.environment:checking '/home/blue/ros2_ws/src/arm_controller/install/arm_controller/bin'
[4.893s] INFO:colcon.colcon_core.shell:Creating package script '/home/blue/ros2_ws/src/arm_controller/install/arm_controller/share/arm_controller/package.ps1'
[4.894s] INFO:colcon.colcon_core.shell:Creating package descriptor '/home/blue/ros2_ws/src/arm_controller/install/arm_controller/share/arm_controller/package.dsv'
[4.894s] INFO:colcon.colcon_core.shell:Creating package script '/home/blue/ros2_ws/src/arm_controller/install/arm_controller/share/arm_controller/package.sh'
[4.895s] INFO:colcon.colcon_core.shell:Creating package script '/home/blue/ros2_ws/src/arm_controller/install/arm_controller/share/arm_controller/package.bash'
[4.895s] INFO:colcon.colcon_core.shell:Creating package script '/home/blue/ros2_ws/src/arm_controller/install/arm_controller/share/arm_controller/package.zsh'
[4.896s] Level 1:colcon.colcon_core.environment:create_file_with_runtime_dependencies(/home/blue/ros2_ws/src/arm_controller/install/arm_controller/share/colcon-core/packages/arm_controller)
[4.896s] DEBUG:colcon.colcon_parallel_executor.executor.parallel:closing loop
[4.896s] DEBUG:colcon.colcon_parallel_executor.executor.parallel:loop closed
[4.897s] DEBUG:colcon.colcon_parallel_executor.executor.parallel:run_until_complete finished with '0'
[4.897s] DEBUG:colcon.colcon_core.event_reactor:joining thread
[4.908s] INFO:colcon.colcon_core.plugin_system:Skipping extension 'colcon_notification.desktop_notification.terminal_notifier': Not used on non-Darwin systems
[4.908s] INFO:colcon.colcon_core.plugin_system:Skipping extension 'colcon_notification.desktop_notification.win32': Not used on non-Windows systems
[4.908s] INFO:colcon.colcon_notification.desktop_notification:Sending desktop notification using 'notify2'
[4.931s] DEBUG:colcon.colcon_core.event_reactor:joined thread
[4.932s] INFO:colcon.colcon_core.shell:Creating prefix script '/home/blue/ros2_ws/src/arm_controller/install/local_setup.ps1'
[4.933s] INFO:colcon.colcon_core.shell:Creating prefix util module '/home/blue/ros2_ws/src/arm_controller/install/_local_setup_util_ps1.py'
[4.936s] INFO:colcon.colcon_core.shell:Creating prefix chain script '/home/blue/ros2_ws/src/arm_controller/install/setup.ps1'
[4.939s] INFO:colcon.colcon_core.shell:Creating prefix script '/home/blue/ros2_ws/src/arm_controller/install/local_setup.sh'
[4.941s] INFO:colcon.colcon_core.shell:Creating prefix util module '/home/blue/ros2_ws/src/arm_controller/install/_local_setup_util_sh.py'
[4.942s] INFO:colcon.colcon_core.shell:Creating prefix chain script '/home/blue/ros2_ws/src/arm_controller/install/setup.sh'
[4.943s] INFO:colcon.colcon_core.shell:Creating prefix script '/home/blue/ros2_ws/src/arm_controller/install/local_setup.bash'
[4.944s] INFO:colcon.colcon_core.shell:Creating prefix chain script '/home/blue/ros2_ws/src/arm_controller/install/setup.bash'
[4.946s] INFO:colcon.colcon_core.shell:Creating prefix script '/home/blue/ros2_ws/src/arm_controller/install/local_setup.zsh'
[4.947s] INFO:colcon.colcon_core.shell:Creating prefix chain script '/home/blue/ros2_ws/src/arm_controller/install/setup.zsh'
